<?xml version="1.0" encoding="UTF-8"?>
<!-- Generated by org.testng.reporters.JUnitReportReporter -->
<testsuite hostname="DESKTOP-55H69Q8" failures="0" tests="1" name="advancedSeleniumConcepts.SelectableExample" time="4.517" errors="0" timestamp="2023-03-09T13:04:04 IST" skipped="0">
  <testcase classname="advancedSeleniumConcepts.SelectableExample" name="selectableEx" time="4.517"/>
  <system-out/>
</testsuite> <!-- advancedSeleniumConcepts.SelectableExample -->
