<?xml version="1.0" encoding="UTF-8"?>
<!-- Generated by org.testng.reporters.JUnitReportReporter -->
<testsuite hostname="DESKTOP-55H69Q8" failures="0" tests="1" name="advancedSeleniumConcepts.WindowHandlingExample" time="8.168" errors="0" timestamp="2023-03-08T09:47:38 IST" skipped="0">
  <testcase classname="advancedSeleniumConcepts.WindowHandlingExample" name="windowHandling" time="8.168"/>
  <system-out/>
</testsuite> <!-- advancedSeleniumConcepts.WindowHandlingExample -->
