<?xml version="1.0" encoding="UTF-8"?>
<!-- Generated by org.testng.reporters.JUnitReportReporter -->
<testsuite hostname="DESKTOP-55H69Q8" failures="0" tests="1" name="basicSeleniumConcepts.DropDownHanldingExample" time="12.654" errors="0" timestamp="2023-03-13T09:49:19 IST" skipped="0">
  <testcase classname="basicSeleniumConcepts.DropDownHanldingExample" name="dropDownEx" time="12.654"/>
  <system-out/>
</testsuite> <!-- basicSeleniumConcepts.DropDownHanldingExample -->
