<?xml version="1.0" encoding="UTF-8"?>
<!-- Generated by org.testng.reporters.JUnitReportReporter -->
<testsuite hostname="DESKTOP-55H69Q8" failures="0" tests="1" name="advancedSeleniumConcepts.DownloadFileExample" time="4.375" errors="0" timestamp="2023-03-09T18:24:17 IST" skipped="0">
  <testcase classname="advancedSeleniumConcepts.DownloadFileExample" name="downloadFileEX" time="4.375"/>
  <system-out/>
</testsuite> <!-- advancedSeleniumConcepts.DownloadFileExample -->
