<?xml version="1.0" encoding="UTF-8"?>
<!-- Generated by org.testng.reporters.JUnitReportReporter -->
<testsuite hostname="DESKTOP-55H69Q8" failures="0" tests="1" name="practiseExercise.DatatablePractiseExample" time="0.184" errors="0" timestamp="2023-03-10T21:23:35 IST" skipped="0">
  <testcase classname="practiseExercise.DatatablePractiseExample" name="dataTableEx" time="0.184"/>
  <system-out/>
</testsuite> <!-- practiseExercise.DatatablePractiseExample -->
