<?xml version="1.0" encoding="UTF-8"?>
<!-- Generated by org.testng.reporters.JUnitReportReporter -->
<testsuite hostname="DESKTOP-55H69Q8" failures="0" tests="1" name="advancedSeleniumConcepts.DragAndDropExample" time="13.251" errors="0" timestamp="2023-03-09T09:16:37 IST" skipped="0">
  <testcase classname="advancedSeleniumConcepts.DragAndDropExample" name="handleDragAndDrop" time="13.251"/>
  <system-out/>
</testsuite> <!-- advancedSeleniumConcepts.DragAndDropExample -->
