<?xml version="1.0" encoding="UTF-8"?>
<!-- Generated by org.testng.reporters.JUnitReportReporter -->
<testsuite hostname="DESKTOP-55H69Q8" failures="0" tests="1" name="advancedSeleniumConcepts.DataTableExample" time="4.306" errors="0" timestamp="2023-03-10T19:57:56 IST" skipped="0">
  <testcase classname="advancedSeleniumConcepts.DataTableExample" name="dataTableEx" time="4.306"/>
  <system-out/>
</testsuite> <!-- advancedSeleniumConcepts.DataTableExample -->
