<?xml version="1.0" encoding="UTF-8"?>
<!-- Generated by org.testng.reporters.JUnitReportReporter -->
<testsuite hostname="DESKTOP-55H69Q8" failures="0" tests="1" name="advancedSeleniumConcepts.ToolTipHandlingExample" time="18.810" errors="0" timestamp="2023-03-09T09:38:45 IST" skipped="0">
  <testcase classname="advancedSeleniumConcepts.ToolTipHandlingExample" name="toolTipsEx" time="18.810"/>
  <system-out/>
</testsuite> <!-- advancedSeleniumConcepts.ToolTipHandlingExample -->
