<?xml version="1.0" encoding="UTF-8"?>
<!-- Generated by org.testng.reporters.JUnitReportReporter -->
<testsuite hostname="DESKTOP-55H69Q8" failures="0" tests="1" name="basicSeleniumConcepts.AlertHandlingExample" time="16.399" errors="0" timestamp="2023-03-13T08:47:09 IST" skipped="0">
  <testcase classname="basicSeleniumConcepts.AlertHandlingExample" name="alertHandlingEx" time="16.399"/>
  <system-out/>
</testsuite> <!-- basicSeleniumConcepts.AlertHandlingExample -->
