<?xml version="1.0" encoding="UTF-8"?>
<!-- Generated by org.testng.reporters.JUnitReportReporter -->
<testsuite hostname="DESKTOP-55H69Q8" failures="0" tests="1" name="advancedSeleniumConcepts.UploadFileExample" time="5.583" errors="0" timestamp="2023-03-09T19:36:42 IST" skipped="0">
  <testcase classname="advancedSeleniumConcepts.UploadFileExample" name="uploadFileEX" time="5.583"/>
  <system-out/>
</testsuite> <!-- advancedSeleniumConcepts.UploadFileExample -->
