<?xml version="1.0" encoding="UTF-8"?>
<!-- Generated by org.testng.reporters.JUnitReportReporter -->
<testsuite hostname="DESKTOP-55H69Q8" failures="0" tests="1" name="advancedSeleniumConcepts.HyperLinkHandlingExample" time="21.968" errors="0" timestamp="2023-03-10T08:20:21 IST" skipped="0">
  <testcase classname="advancedSeleniumConcepts.HyperLinkHandlingExample" name="linkHandleEx" time="21.968"/>
  <system-out/>
</testsuite> <!-- advancedSeleniumConcepts.HyperLinkHandlingExample -->
